<?xml version="1.0" encoding="UTF-8"?>
<testsuite xmlns:xsi="http://www.w3.org/2001/XMLSchema-instance" xsi:noNamespaceSchemaLocation="https://maven.apache.org/surefire/maven-surefire-plugin/xsd/surefire-test-report.xsd" name="talend_projects.junittesting_0_1.junittesting_0_1.jUnitTestingTest" time="1.447" tests="1" errors="1" skipped="0" failures="0">
  <properties>
[...]
</properties>
  <testcase name="testDefault" classname="talend_projects.junittesting_0_1.junittesting_0_1.jUnitTestingTest" time="1.325">
    <error message="Cannot invoke &quot;String.equals(Object)&quot; because &quot;row4.department&quot; is null" type="java.lang.NullPointerException">java.lang.NullPointerException: Cannot invoke "String.equals(Object)" because "row4.department" is null
	at talend_projects.junittesting_0_1.junittesting_0_1.jUnitTestingTest.tFileInputDelimited_1Process(jUnitTestingTest.java:2604)
	at talend_projects.junittesting_0_1.junittesting_0_1.jUnitTestingTest.tCreateTemporaryFile_1Process(jUnitTestingTest.java:727)
	at talend_projects.junittesting_0_1.junittesting_0_1.jUnitTestingTest.runJobInTOS(jUnitTestingTest.java:4427)
	at talend_projects.junittesting_0_1.junittesting_0_1.jUnitTestingTest.testDefault(jUnitTestingTest.java:4189)
</error>
    <system-out><![CDATA[[ERROR] 20:17:43 talend_projects.junittesting_0_1.junittesting_0_1.jUnitTestingTest- tFileInputDelimited_2 - Couldn't parse value for column 'id' in 'row4', value is '7|Jon|Perris|jperris6@shutterfly.com|Female|Engineering|Thoughtmix|Birmingham|Alabama'. Details: java.lang.NumberFormatException: For input string: "7|Jon|Perris|jperris6@shutterfly.com|Female|Engineering|Thoughtmix|Birmingham|Alabama"
[ERROR] 20:17:43 talend_projects.junittesting_0_1.junittesting_0_1.jUnitTestingTest- tFileInputDelimited_2 - Couldn't parse value for column 'id' in 'row4', value is '13|Northrup|O'Deegan|nodeeganc@bbc.co.uk|Polygender|Engineering|JumpXS|Mobile|Alabama'. Details: java.lang.NumberFormatException: For input string: "13|Northrup|O'Deegan|nodeeganc@bbc.co.uk|Polygender|Engineering|JumpXS|Mobile|Alabama"
[ERROR] 20:17:43 talend_projects.junittesting_0_1.junittesting_0_1.jUnitTestingTest- tFileInputDelimited_2 - Couldn't parse value for column 'id' in 'row4', value is '54|Vale|Ghidotti|vghidotti1h@microsoft.com|Female|Engineering|Demimbu|Huntington|West Virginia'. Details: java.lang.NumberFormatException: For input string: "54|Vale|Ghidotti|vghidotti1h@microsoft.com|Female|Engineering|Demimbu|Huntington|West Virginia"
[ERROR] 20:17:43 talend_projects.junittesting_0_1.junittesting_0_1.jUnitTestingTest- tFileInputDelimited_2 - Couldn't parse value for column 'id' in 'row4', value is '63|Felicity|Widdicombe|fwiddicombe1q@wordpress.com|Female|Engineering|Mudo|Albuquerque|New Mexico'. Details: java.lang.NumberFormatException: For input string: "63|Felicity|Widdicombe|fwiddicombe1q@wordpress.com|Female|Engineering|Mudo|Albuquerque|New Mexico"
[ERROR] 20:17:43 talend_projects.junittesting_0_1.junittesting_0_1.jUnitTestingTest- tFileInputDelimited_2 - Couldn't parse value for column 'id' in 'row4', value is '82|Abbot|Hansed|ahansed29@weather.com|Polygender|Engineering|Twitterbeat|Chico|California'. Details: java.lang.NumberFormatException: For input string: "82|Abbot|Hansed|ahansed29@weather.com|Polygender|Engineering|Twitterbeat|Chico|California"
[ERROR] 20:17:43 talend_projects.junittesting_0_1.junittesting_0_1.jUnitTestingTest- tFileInputDelimited_2 - Couldn't parse value for column 'id' in 'row4', value is '91|Inga|Frosdick|ifrosdick2i@tamu.edu|Female|Engineering|Topiclounge|Fort Worth|Texas'. Details: java.lang.NumberFormatException: For input string: "91|Inga|Frosdick|ifrosdick2i@tamu.edu|Female|Engineering|Topiclounge|Fort Worth|Texas"
[ERROR] 20:17:43 talend_projects.junittesting_0_1.junittesting_0_1.jUnitTestingTest- tFileInputDelimited_2 - Couldn't parse value for column 'id' in 'row4', value is '97|Gerrie|Richten|grichten2o@forbes.com|Female|Engineering|Oozz|Cincinnati|Ohio'. Details: java.lang.NumberFormatException: For input string: "97|Gerrie|Richten|grichten2o@forbes.com|Female|Engineering|Oozz|Cincinnati|Ohio"
[ERROR] 20:17:43 talend_projects.junittesting_0_1.junittesting_0_1.jUnitTestingTest- tFileInputDelimited_2 - Couldn't parse value for column 'id' in 'row4', value is '101|Cammie|Ling|cling2s@imgur.com|Female|Engineering|Gigabox|Everett|Washington'. Details: java.lang.NumberFormatException: For input string: "101|Cammie|Ling|cling2s@imgur.com|Female|Engineering|Gigabox|Everett|Washington"
[ERROR] 20:17:43 talend_projects.junittesting_0_1.junittesting_0_1.jUnitTestingTest- tFileInputDelimited_2 - Couldn't parse value for column 'id' in 'row4', value is '106|Peri|Seth|pseth2x@live.com|Female|Engineering|Youspan|San Antonio|Texas'. Details: java.lang.NumberFormatException: For input string: "106|Peri|Seth|pseth2x@live.com|Female|Engineering|Youspan|San Antonio|Texas"
[ERROR] 20:17:43 talend_projects.junittesting_0_1.junittesting_0_1.jUnitTestingTest- tFileInputDelimited_2 - Couldn't parse value for column 'id' in 'row4', value is '109|Wildon|Rockcliff|wrockcliff30@imdb.com|Female|Engineering|Babblestorm|Seattle|Washington'. Details: java.lang.NumberFormatException: For input string: "109|Wildon|Rockcliff|wrockcliff30@imdb.com|Female|Engineering|Babblestorm|Seattle|Washington"
[ERROR] 20:17:43 talend_projects.junittesting_0_1.junittesting_0_1.jUnitTestingTest- tFileInputDelimited_2 - Couldn't parse value for column 'id' in 'row4', value is '137|Selestina|Footer|sfooter3s@gizmodo.com|Male|Engineering|Babbleopia|Springfield|Virginia'. Details: java.lang.NumberFormatException: For input string: "137|Selestina|Footer|sfooter3s@gizmodo.com|Male|Engineering|Babbleopia|Springfield|Virginia"
[ERROR] 20:17:43 talend_projects.junittesting_0_1.junittesting_0_1.jUnitTestingTest- tFileInputDelimited_2 - Couldn't parse value for column 'id' in 'row4', value is '141|Malorie|Palomba|mpalomba3w@indiegogo.com|Male|Engineering|Brainbox|Moreno Valley|California'. Details: java.lang.NumberFormatException: For input string: "141|Malorie|Palomba|mpalomba3w@indiegogo.com|Male|Engineering|Brainbox|Moreno Valley|California"
[ERROR] 20:17:43 talend_projects.junittesting_0_1.junittesting_0_1.jUnitTestingTest- tFileInputDelimited_2 - Couldn't parse value for column 'id' in 'row4', value is '147|Florian|Foister|ffoister42@uol.com.br|Polygender|Engineering|Lajo|Columbia|South Carolina'. Details: java.lang.NumberFormatException: For input string: "147|Florian|Foister|ffoister42@uol.com.br|Polygender|Engineering|Lajo|Columbia|South Carolina"
[ERROR] 20:17:43 talend_projects.junittesting_0_1.junittesting_0_1.jUnitTestingTest- tFileInputDelimited_2 - Couldn't parse value for column 'id' in 'row4', value is '155|Wendy|Vittore|wvittore4a@blogspot.com|Genderqueer|Engineering|Demimbu|Newark|Delaware'. Details: java.lang.NumberFormatException: For input string: "155|Wendy|Vittore|wvittore4a@blogspot.com|Genderqueer|Engineering|Demimbu|Newark|Delaware"
[ERROR] 20:17:43 talend_projects.junittesting_0_1.junittesting_0_1.jUnitTestingTest- tFileInputDelimited_2 - Couldn't parse value for column 'id' in 'row4', value is '176|Cortney|Elph|celph4v@lycos.com|Female|Engineering|Leenti|Fairbanks|Alaska'. Details: java.lang.NumberFormatException: For input string: "176|Cortney|Elph|celph4v@lycos.com|Female|Engineering|Leenti|Fairbanks|Alaska"
[ERROR] 20:17:43 talend_projects.junittesting_0_1.junittesting_0_1.jUnitTestingTest- tFileInputDelimited_2 - Couldn't parse value for column 'id' in 'row4', value is '184|Patience|Stearn|pstearn53@apache.org|Male|Engineering|Rhycero|East Saint Louis|Illinois'. Details: java.lang.NumberFormatException: For input string: "184|Patience|Stearn|pstearn53@apache.org|Male|Engineering|Rhycero|East Saint Louis|Illinois"
[ERROR] 20:17:43 talend_projects.junittesting_0_1.junittesting_0_1.jUnitTestingTest- tFileInputDelimited_2 - Couldn't parse value for column 'id' in 'row4', value is '207|Veriee|Vanyatin|vvanyatin5q@networksolutions.com|Non-binary|Engineering|Thoughtbeat|Nashville|Tennessee'. Details: java.lang.NumberFormatException: For input string: "207|Veriee|Vanyatin|vvanyatin5q@networksolutions.com|Non-binary|Engineering|Thoughtbeat|Nashville|Tennessee"
[ERROR] 20:17:43 talend_projects.junittesting_0_1.junittesting_0_1.jUnitTestingTest- tFileInputDelimited_2 - Couldn't parse value for column 'id' in 'row4', value is '225|Helaine|Lamberteschi|hlamberteschi68@telegraph.co.uk|Female|Engineering|Thoughtbridge|Escondido|California'. Details: java.lang.NumberFormatException: For input string: "225|Helaine|Lamberteschi|hlamberteschi68@telegraph.co.uk|Female|Engineering|Thoughtbridge|Escondido|California"
[ERROR] 20:17:43 talend_projects.junittesting_0_1.junittesting_0_1.jUnitTestingTest- tFileInputDelimited_2 - Couldn't parse value for column 'id' in 'row4', value is '228|Shannen|Buncombe|sbuncombe6b@psu.edu|Female|Engineering|Ntag|Orlando|Florida'. Details: java.lang.NumberFormatException: For input string: "228|Shannen|Buncombe|sbuncombe6b@psu.edu|Female|Engineering|Ntag|Orlando|Florida"
[ERROR] 20:17:43 talend_projects.junittesting_0_1.junittesting_0_1.jUnitTestingTest- tFileInputDelimited_2 - Couldn't parse value for column 'id' in 'row4', value is '252|Jennifer|Januszkiewicz|jjanuszkiewicz6z@squidoo.com|Female|Engineering|Yoveo|Arlington|Virginia'. Details: java.lang.NumberFormatException: For input string: "252|Jennifer|Januszkiewicz|jjanuszkiewicz6z@squidoo.com|Female|Engineering|Yoveo|Arlington|Virginia"
[ERROR] 20:17:43 talend_projects.junittesting_0_1.junittesting_0_1.jUnitTestingTest- tFileInputDelimited_2 - Couldn't parse value for column 'id' in 'row4', value is '253|Modestine|Barensen|mbarensen70@washington.edu|Polygender|Engineering|Thoughtmix|San Jose|California'. Details: java.lang.NumberFormatException: For input string: "253|Modestine|Barensen|mbarensen70@washington.edu|Polygender|Engineering|Thoughtmix|San Jose|California"
[ERROR] 20:17:43 talend_projects.junittesting_0_1.junittesting_0_1.jUnitTestingTest- tFileInputDelimited_2 - Couldn't parse value for column 'id' in 'row4', value is '281|Justina|Demageard|jdemageard7s@timesonline.co.uk|Female|Engineering|Youtags|Houston|Texas'. Details: java.lang.NumberFormatException: For input string: "281|Justina|Demageard|jdemageard7s@timesonline.co.uk|Female|Engineering|Youtags|Houston|Texas"
[ERROR] 20:17:43 talend_projects.junittesting_0_1.junittesting_0_1.jUnitTestingTest- tFileInputDelimited_2 - Couldn't parse value for column 'id' in 'row4', value is '287|Keelia|Jacson|kjacson7y@opera.com|Male|Engineering|Brainsphere|Washington|District of Columbia'. Details: java.lang.NumberFormatException: For input string: "287|Keelia|Jacson|kjacson7y@opera.com|Male|Engineering|Brainsphere|Washington|District of Columbia"
[ERROR] 20:17:43 talend_projects.junittesting_0_1.junittesting_0_1.jUnitTestingTest- tFileInputDelimited_2 - Couldn't parse value for column 'id' in 'row4', value is '291|Patricio|Deppen|pdeppen82@intel.com|Female|Engineering|Voonix|Schenectady|New York'. Details: java.lang.NumberFormatException: For input string: "291|Patricio|Deppen|pdeppen82@intel.com|Female|Engineering|Voonix|Schenectady|New York"
[ERROR] 20:17:43 talend_projects.junittesting_0_1.junittesting_0_1.jUnitTestingTest- tFileInputDelimited_2 - Couldn't parse value for column 'id' in 'row4', value is '296|Phaidra|Petrushkevich|ppetrushkevich87@time.com|Female|Engineering|Trunyx|Seattle|Washington'. Details: java.lang.NumberFormatException: For input string: "296|Phaidra|Petrushkevich|ppetrushkevich87@time.com|Female|Engineering|Trunyx|Seattle|Washington"
[ERROR] 20:17:43 talend_projects.junittesting_0_1.junittesting_0_1.jUnitTestingTest- tFileInputDelimited_2 - Couldn't parse value for column 'id' in 'row4', value is '301|Danella|McGilleghole|dmcgilleghole8c@networkadvertising.org|Male|Engineering|Plambee|Cincinnati|Ohio'. Details: java.lang.NumberFormatException: For input string: "301|Danella|McGilleghole|dmcgilleghole8c@networkadvertising.org|Male|Engineering|Plambee|Cincinnati|Ohio"
[ERROR] 20:17:43 talend_projects.junittesting_0_1.junittesting_0_1.jUnitTestingTest- tFileInputDelimited_2 - Couldn't parse value for column 'id' in 'row4', value is '332|Bobby|Belf|bbelf97@state.tx.us|Male|Engineering|Voomm|Phoenix|Arizona'. Details: java.lang.NumberFormatException: For input string: "332|Bobby|Belf|bbelf97@state.tx.us|Male|Engineering|Voomm|Phoenix|Arizona"
[ERROR] 20:17:43 talend_projects.junittesting_0_1.junittesting_0_1.jUnitTestingTest- tFileInputDelimited_2 - Couldn't parse value for column 'id' in 'row4', value is '346|Melva|MacNair|mmacnair9l@skype.com|Polygender|Engineering|Latz|Los Angeles|California'. Details: java.lang.NumberFormatException: For input string: "346|Melva|MacNair|mmacnair9l@skype.com|Polygender|Engineering|Latz|Los Angeles|California"
[ERROR] 20:17:43 talend_projects.junittesting_0_1.junittesting_0_1.jUnitTestingTest- tFileInputDelimited_2 - Couldn't parse value for column 'id' in 'row4', value is '380|Elisa|Kolodziejski|ekolodziejskiaj@craigslist.org|Male|Engineering|Brainbox|Stamford|Connecticut'. Details: java.lang.NumberFormatException: For input string: "380|Elisa|Kolodziejski|ekolodziejskiaj@craigslist.org|Male|Engineering|Brainbox|Stamford|Connecticut"
[ERROR] 20:17:43 talend_projects.junittesting_0_1.junittesting_0_1.jUnitTestingTest- tFileInputDelimited_2 - Couldn't parse value for column 'id' in 'row4', value is '392|Lyn|Carolan|lcarolanav@phpbb.com|Female|Engineering|Eabox|Fresno|California'. Details: java.lang.NumberFormatException: For input string: "392|Lyn|Carolan|lcarolanav@phpbb.com|Female|Engineering|Eabox|Fresno|California"
[ERROR] 20:17:43 talend_projects.junittesting_0_1.junittesting_0_1.jUnitTestingTest- tFileInputDelimited_2 - Couldn't parse value for column 'id' in 'row4', value is '417|Margeaux|Wybourne|mwybournebk@soundcloud.com|Male|Engineering|Chatterpoint|Santa Barbara|California'. Details: java.lang.NumberFormatException: For input string: "417|Margeaux|Wybourne|mwybournebk@soundcloud.com|Male|Engineering|Chatterpoint|Santa Barbara|California"
[ERROR] 20:17:43 talend_projects.junittesting_0_1.junittesting_0_1.jUnitTestingTest- tFileInputDelimited_2 - Couldn't parse value for column 'id' in 'row4', value is '438|Sashenka|MacLennan|smaclennanc5@blogs.com|Female|Engineering|Snaptags|New York City|New York'. Details: java.lang.NumberFormatException: For input string: "438|Sashenka|MacLennan|smaclennanc5@blogs.com|Female|Engineering|Snaptags|New York City|New York"
[ERROR] 20:17:43 talend_projects.junittesting_0_1.junittesting_0_1.jUnitTestingTest- tFileInputDelimited_2 - Couldn't parse value for column 'id' in 'row4', value is '440|Ree|Brussell|rbrussellc7@oaic.gov.au|Male|Engineering|Photojam|Albany|New York'. Details: java.lang.NumberFormatException: For input string: "440|Ree|Brussell|rbrussellc7@oaic.gov.au|Male|Engineering|Photojam|Albany|New York"
[ERROR] 20:17:43 talend_projects.junittesting_0_1.junittesting_0_1.jUnitTestingTest- tFileInputDelimited_2 - Couldn't parse value for column 'id' in 'row4', value is '444|Sansone|Duchant|sduchantcb@tiny.cc|Female|Engineering|Babblestorm|White Plains|New York'. Details: java.lang.NumberFormatException: For input string: "444|Sansone|Duchant|sduchantcb@tiny.cc|Female|Engineering|Babblestorm|White Plains|New York"
[ERROR] 20:17:43 talend_projects.junittesting_0_1.junittesting_0_1.jUnitTestingTest- tFileInputDelimited_2 - Couldn't parse value for column 'id' in 'row4', value is '449|Lenore|Duffil|lduffilcg@topsy.com|Female|Engineering|Skipfire|Denton|Texas'. Details: java.lang.NumberFormatException: For input string: "449|Lenore|Duffil|lduffilcg@topsy.com|Female|Engineering|Skipfire|Denton|Texas"
[ERROR] 20:17:43 talend_projects.junittesting_0_1.junittesting_0_1.jUnitTestingTest- tFileInputDelimited_2 - Couldn't parse value for column 'id' in 'row4', value is '452|Kath|Spain-Gower|kspaingowercj@indiegogo.com|Genderfluid|Engineering|Oyoloo|East Saint Louis|Illinois'. Details: java.lang.NumberFormatException: For input string: "452|Kath|Spain-Gower|kspaingowercj@indiegogo.com|Genderfluid|Engineering|Oyoloo|East Saint Louis|Illinois"
[ERROR] 20:17:43 talend_projects.junittesting_0_1.junittesting_0_1.jUnitTestingTest- tFileInputDelimited_2 - Couldn't parse value for column 'id' in 'row4', value is '455|Ann-marie|Hawlgarth|ahawlgarthcm@usgs.gov|Male|Engineering|Gabvine|Washington|District of Columbia'. Details: java.lang.NumberFormatException: For input string: "455|Ann-marie|Hawlgarth|ahawlgarthcm@usgs.gov|Male|Engineering|Gabvine|Washington|District of Columbia"
[ERROR] 20:17:43 talend_projects.junittesting_0_1.junittesting_0_1.jUnitTestingTest- tFileInputDelimited_2 - Couldn't parse value for column 'id' in 'row4', value is '463|Terry|Milmo|tmilmocu@reference.com|Male|Engineering|Twitterworks|Lafayette|Louisiana'. Details: java.lang.NumberFormatException: For input string: "463|Terry|Milmo|tmilmocu@reference.com|Male|Engineering|Twitterworks|Lafayette|Louisiana"
[ERROR] 20:17:43 talend_projects.junittesting_0_1.junittesting_0_1.jUnitTestingTest- tFileInputDelimited_2 - Couldn't parse value for column 'id' in 'row4', value is '473|Arlin|Van Oord|avanoordd4@blog.com|Male|Engineering|Realcube|Madison|Wisconsin'. Details: java.lang.NumberFormatException: For input string: "473|Arlin|Van Oord|avanoordd4@blog.com|Male|Engineering|Realcube|Madison|Wisconsin"
[ERROR] 20:17:43 talend_projects.junittesting_0_1.junittesting_0_1.jUnitTestingTest- tFileInputDelimited_2 - Couldn't parse value for column 'id' in 'row4', value is '503|Kali|Edginton|kedgintondy@cafepress.com|Male|Engineering|Plambee|San Antonio|Texas'. Details: java.lang.NumberFormatException: For input string: "503|Kali|Edginton|kedgintondy@cafepress.com|Male|Engineering|Plambee|San Antonio|Texas"
[ERROR] 20:17:43 talend_projects.junittesting_0_1.junittesting_0_1.jUnitTestingTest- tFileInputDelimited_2 - Couldn't parse value for column 'id' in 'row4', value is '505|Gardner|McGown|gmcgowne0@wikimedia.org|Male|Engineering|Wordtune|San Mateo|California'. Details: java.lang.NumberFormatException: For input string: "505|Gardner|McGown|gmcgowne0@wikimedia.org|Male|Engineering|Wordtune|San Mateo|California"
[ERROR] 20:17:43 talend_projects.junittesting_0_1.junittesting_0_1.jUnitTestingTest- tFileInputDelimited_2 - Couldn't parse value for column 'id' in 'row4', value is '506|Christoforo|McMillian|cmcmilliane1@google.com.br|Female|Engineering|Photojam|Jacksonville|Florida'. Details: java.lang.NumberFormatException: For input string: "506|Christoforo|McMillian|cmcmilliane1@google.com.br|Female|Engineering|Photojam|Jacksonville|Florida"
[ERROR] 20:17:43 talend_projects.junittesting_0_1.junittesting_0_1.jUnitTestingTest- tFileInputDelimited_2 - Couldn't parse value for column 'id' in 'row4', value is '516|Kristofor|Shiers|kshierseb@fema.gov|Female|Engineering|Yodoo|Oklahoma City|Oklahoma'. Details: java.lang.NumberFormatException: For input string: "516|Kristofor|Shiers|kshierseb@fema.gov|Female|Engineering|Yodoo|Oklahoma City|Oklahoma"
[ERROR] 20:17:43 talend_projects.junittesting_0_1.junittesting_0_1.jUnitTestingTest- tFileInputDelimited_2 - Couldn't parse value for column 'id' in 'row4', value is '537|Faber|Di Antonio|fdiantonioew@lulu.com|Male|Engineering|Mynte|Portland|Oregon'. Details: java.lang.NumberFormatException: For input string: "537|Faber|Di Antonio|fdiantonioew@lulu.com|Male|Engineering|Mynte|Portland|Oregon"
[ERROR] 20:17:43 talend_projects.junittesting_0_1.junittesting_0_1.jUnitTestingTest- tFileInputDelimited_2 - Couldn't parse value for column 'id' in 'row4', value is '550|Nathanial|Brant|nbrantf9@t-online.de|Male|Engineering|Demimbu|Washington|District of Columbia'. Details: java.lang.NumberFormatException: For input string: "550|Nathanial|Brant|nbrantf9@t-online.de|Male|Engineering|Demimbu|Washington|District of Columbia"
[ERROR] 20:17:43 talend_projects.junittesting_0_1.junittesting_0_1.jUnitTestingTest- tFileInputDelimited_2 - Couldn't parse value for column 'id' in 'row4', value is '571|Cherey|Danskine|cdanskinefu@exblog.jp|Male|Engineering|Rhyloo|Honolulu|Hawaii'. Details: java.lang.NumberFormatException: For input string: "571|Cherey|Danskine|cdanskinefu@exblog.jp|Male|Engineering|Rhyloo|Honolulu|Hawaii"
[ERROR] 20:17:43 talend_projects.junittesting_0_1.junittesting_0_1.jUnitTestingTest- tFileInputDelimited_2 - Couldn't parse value for column 'id' in 'row4', value is '579|Stesha|Revelle|srevelleg2@alexa.com|Male|Engineering|Twinte|Orlando|Florida'. Details: java.lang.NumberFormatException: For input string: "579|Stesha|Revelle|srevelleg2@alexa.com|Male|Engineering|Twinte|Orlando|Florida"
[ERROR] 20:17:43 talend_projects.junittesting_0_1.junittesting_0_1.jUnitTestingTest- tFileInputDelimited_2 - Couldn't parse value for column 'id' in 'row4', value is '606|Rey|Verrell|rverrellgt@ed.gov|Male|Engineering|Izio|Shreveport|Louisiana'. Details: java.lang.NumberFormatException: For input string: "606|Rey|Verrell|rverrellgt@ed.gov|Male|Engineering|Izio|Shreveport|Louisiana"
[ERROR] 20:17:43 talend_projects.junittesting_0_1.junittesting_0_1.jUnitTestingTest- tFileInputDelimited_2 - Couldn't parse value for column 'id' in 'row4', value is '617|Lucita|Ghidoni|lghidonih4@zdnet.com|Male|Engineering|Kwideo|Louisville|Kentucky'. Details: java.lang.NumberFormatException: For input string: "617|Lucita|Ghidoni|lghidonih4@zdnet.com|Male|Engineering|Kwideo|Louisville|Kentucky"
[ERROR] 20:17:43 talend_projects.junittesting_0_1.junittesting_0_1.jUnitTestingTest- tFileInputDelimited_2 - Couldn't parse value for column 'id' in 'row4', value is '627|Rheta|Casterou|rcasterouhe@nps.gov|Male|Engineering|Plambee|Pittsburgh|Pennsylvania'. Details: java.lang.NumberFormatException: For input string: "627|Rheta|Casterou|rcasterouhe@nps.gov|Male|Engineering|Plambee|Pittsburgh|Pennsylvania"
[ERROR] 20:17:43 talend_projects.junittesting_0_1.junittesting_0_1.jUnitTestingTest- tFileInputDelimited_2 - Couldn't parse value for column 'id' in 'row4', value is '632|Horacio|Gadman|hgadmanhj@storify.com|Male|Engineering|Blogtags|Lafayette|Louisiana'. Details: java.lang.NumberFormatException: For input string: "632|Horacio|Gadman|hgadmanhj@storify.com|Male|Engineering|Blogtags|Lafayette|Louisiana"
[ERROR] 20:17:43 talend_projects.junittesting_0_1.junittesting_0_1.jUnitTestingTest- tFileInputDelimited_2 - Couldn't parse value for column 'id' in 'row4', value is '648|Veronique|Longfield|vlongfieldhz@prnewswire.com|Female|Engineering|Layo|Miami|Florida'. Details: java.lang.NumberFormatException: For input string: "648|Veronique|Longfield|vlongfieldhz@prnewswire.com|Female|Engineering|Layo|Miami|Florida"
[ERROR] 20:17:43 talend_projects.junittesting_0_1.junittesting_0_1.jUnitTestingTest- tFileInputDelimited_2 - Couldn't parse value for column 'id' in 'row4', value is '693|Blayne|Markham|bmarkhamj8@taobao.com|Female|Engineering|Jayo|Bellevue|Washington'. Details: java.lang.NumberFormatException: For input string: "693|Blayne|Markham|bmarkhamj8@taobao.com|Female|Engineering|Jayo|Bellevue|Washington"
[ERROR] 20:17:43 talend_projects.junittesting_0_1.junittesting_0_1.jUnitTestingTest- tFileInputDelimited_2 - Couldn't parse value for column 'id' in 'row4', value is '697|Merrel|Fanshawe|mfanshawejc@google.co.uk|Male|Engineering|Jaxworks|Durham|North Carolina'. Details: java.lang.NumberFormatException: For input string: "697|Merrel|Fanshawe|mfanshawejc@google.co.uk|Male|Engineering|Jaxworks|Durham|North Carolina"
[ERROR] 20:17:43 talend_projects.junittesting_0_1.junittesting_0_1.jUnitTestingTest- tFileInputDelimited_2 - Couldn't parse value for column 'id' in 'row4', value is '701|Dennet|Haste|dhastejg@qq.com|Polygender|Engineering|Trilia|Tulsa|Oklahoma'. Details: java.lang.NumberFormatException: For input string: "701|Dennet|Haste|dhastejg@qq.com|Polygender|Engineering|Trilia|Tulsa|Oklahoma"
[ERROR] 20:17:43 talend_projects.junittesting_0_1.junittesting_0_1.jUnitTestingTest- tFileInputDelimited_2 - Couldn't parse value for column 'id' in 'row4', value is '709|Jerrie|Hoggan|jhogganjo@merriam-webster.com|Male|Engineering|Yodel|Cincinnati|Ohio'. Details: java.lang.NumberFormatException: For input string: "709|Jerrie|Hoggan|jhogganjo@merriam-webster.com|Male|Engineering|Yodel|Cincinnati|Ohio"
[ERROR] 20:17:43 talend_projects.junittesting_0_1.junittesting_0_1.jUnitTestingTest- tFileInputDelimited_2 - Couldn't parse value for column 'id' in 'row4', value is '711|Jordain|Roch|jrochjq@stanford.edu|Female|Engineering|Twinte|Providence|Rhode Island'. Details: java.lang.NumberFormatException: For input string: "711|Jordain|Roch|jrochjq@stanford.edu|Female|Engineering|Twinte|Providence|Rhode Island"
[ERROR] 20:17:43 talend_projects.junittesting_0_1.junittesting_0_1.jUnitTestingTest- tFileInputDelimited_2 - Couldn't parse value for column 'id' in 'row4', value is '736|Shaylyn|McQuorkel|smcquorkelkf@istockphoto.com|Male|Engineering|Wikizz|Indianapolis|Indiana'. Details: java.lang.NumberFormatException: For input string: "736|Shaylyn|McQuorkel|smcquorkelkf@istockphoto.com|Male|Engineering|Wikizz|Indianapolis|Indiana"
[ERROR] 20:17:43 talend_projects.junittesting_0_1.junittesting_0_1.jUnitTestingTest- tFileInputDelimited_2 - Couldn't parse value for column 'id' in 'row4', value is '748|Nannie|Hallitt|nhallittkr@nature.com|Male|Engineering|Voonyx|Oceanside|California'. Details: java.lang.NumberFormatException: For input string: "748|Nannie|Hallitt|nhallittkr@nature.com|Male|Engineering|Voonyx|Oceanside|California"
[ERROR] 20:17:43 talend_projects.junittesting_0_1.junittesting_0_1.jUnitTestingTest- tFileInputDelimited_2 - Couldn't parse value for column 'id' in 'row4', value is '750|Case|Mourant|cmourantkt@technorati.com|Male|Engineering|Photobug|Salt Lake City|Utah'. Details: java.lang.NumberFormatException: For input string: "750|Case|Mourant|cmourantkt@technorati.com|Male|Engineering|Photobug|Salt Lake City|Utah"
[ERROR] 20:17:43 talend_projects.junittesting_0_1.junittesting_0_1.jUnitTestingTest- tFileInputDelimited_2 - Couldn't parse value for column 'id' in 'row4', value is '751|Shelia|Cornelis|scornelisku@pinterest.com|Female|Engineering|Izio|Philadelphia|Pennsylvania'. Details: java.lang.NumberFormatException: For input string: "751|Shelia|Cornelis|scornelisku@pinterest.com|Female|Engineering|Izio|Philadelphia|Pennsylvania"
[ERROR] 20:17:43 talend_projects.junittesting_0_1.junittesting_0_1.jUnitTestingTest- tFileInputDelimited_2 - Couldn't parse value for column 'id' in 'row4', value is '783|Osgood|Chaman|ochamanlq@webs.com|Female|Engineering|Dazzlesphere|Roanoke|Virginia'. Details: java.lang.NumberFormatException: For input string: "783|Osgood|Chaman|ochamanlq@webs.com|Female|Engineering|Dazzlesphere|Roanoke|Virginia"
[ERROR] 20:17:43 talend_projects.junittesting_0_1.junittesting_0_1.jUnitTestingTest- tFileInputDelimited_2 - Couldn't parse value for column 'id' in 'row4', value is '790|Germaine|Leeson|gleesonlx@google.it|Female|Engineering|Rhyloo|Washington|District of Columbia'. Details: java.lang.NumberFormatException: For input string: "790|Germaine|Leeson|gleesonlx@google.it|Female|Engineering|Rhyloo|Washington|District of Columbia"
[ERROR] 20:17:43 talend_projects.junittesting_0_1.junittesting_0_1.jUnitTestingTest- tFileInputDelimited_2 - Couldn't parse value for column 'id' in 'row4', value is '816|Fernando|Hagland|fhaglandmn@sun.com|Female|Engineering|Jetwire|Monticello|Minnesota'. Details: java.lang.NumberFormatException: For input string: "816|Fernando|Hagland|fhaglandmn@sun.com|Female|Engineering|Jetwire|Monticello|Minnesota"
[ERROR] 20:17:43 talend_projects.junittesting_0_1.junittesting_0_1.jUnitTestingTest- tFileInputDelimited_2 - Couldn't parse value for column 'id' in 'row4', value is '838|Valentia|Dymoke|vdymoken9@blogger.com|Female|Engineering|Photobug|Boise|Idaho'. Details: java.lang.NumberFormatException: For input string: "838|Valentia|Dymoke|vdymoken9@blogger.com|Female|Engineering|Photobug|Boise|Idaho"
[ERROR] 20:17:43 talend_projects.junittesting_0_1.junittesting_0_1.jUnitTestingTest- tFileInputDelimited_2 - Couldn't parse value for column 'id' in 'row4', value is '843|Arie|Rosini|arosinine@storify.com|Male|Engineering|Gevee|Chula Vista|California'. Details: java.lang.NumberFormatException: For input string: "843|Arie|Rosini|arosinine@storify.com|Male|Engineering|Gevee|Chula Vista|California"
[ERROR] 20:17:43 talend_projects.junittesting_0_1.junittesting_0_1.jUnitTestingTest- tFileInputDelimited_2 - Couldn't parse value for column 'id' in 'row4', value is '844|Manfred|Exter|mexternf@spiegel.de|Female|Engineering|Zava|Rockville|Maryland'. Details: java.lang.NumberFormatException: For input string: "844|Manfred|Exter|mexternf@spiegel.de|Female|Engineering|Zava|Rockville|Maryland"
[ERROR] 20:17:43 talend_projects.junittesting_0_1.junittesting_0_1.jUnitTestingTest- tFileInputDelimited_2 - Couldn't parse value for column 'id' in 'row4', value is '856|Armand|Boutwell|aboutwellnr@wiley.com|Female|Engineering|Vidoo|Melbourne|Florida'. Details: java.lang.NumberFormatException: For input string: "856|Armand|Boutwell|aboutwellnr@wiley.com|Female|Engineering|Vidoo|Melbourne|Florida"
[ERROR] 20:17:43 talend_projects.junittesting_0_1.junittesting_0_1.jUnitTestingTest- tFileInputDelimited_2 - Couldn't parse value for column 'id' in 'row4', value is '864|Maire|Gregolin|mgregolinnz@blog.com|Male|Engineering|Twinte|New Orleans|Louisiana'. Details: java.lang.NumberFormatException: For input string: "864|Maire|Gregolin|mgregolinnz@blog.com|Male|Engineering|Twinte|New Orleans|Louisiana"
[ERROR] 20:17:43 talend_projects.junittesting_0_1.junittesting_0_1.jUnitTestingTest- tFileInputDelimited_2 - Couldn't parse value for column 'id' in 'row4', value is '869|Chrystel|Keedy|ckeedyo4@scribd.com|Female|Engineering|Thoughtsphere|Monticello|Minnesota'. Details: java.lang.NumberFormatException: For input string: "869|Chrystel|Keedy|ckeedyo4@scribd.com|Female|Engineering|Thoughtsphere|Monticello|Minnesota"
[ERROR] 20:17:43 talend_projects.junittesting_0_1.junittesting_0_1.jUnitTestingTest- tFileInputDelimited_2 - Couldn't parse value for column 'id' in 'row4', value is '941|Jens|Minette|jminetteq4@unblog.fr|Male|Engineering|Quire|Tucson|Arizona'. Details: java.lang.NumberFormatException: For input string: "941|Jens|Minette|jminetteq4@unblog.fr|Male|Engineering|Quire|Tucson|Arizona"
[ERROR] 20:17:43 talend_projects.junittesting_0_1.junittesting_0_1.jUnitTestingTest- tFileInputDelimited_2 - Couldn't parse value for column 'id' in 'row4', value is '943|Sidoney|Danforth|sdanforthq6@webeden.co.uk|Female|Engineering|Dynabox|Bakersfield|California'. Details: java.lang.NumberFormatException: For input string: "943|Sidoney|Danforth|sdanforthq6@webeden.co.uk|Female|Engineering|Dynabox|Bakersfield|California"
[ERROR] 20:17:43 talend_projects.junittesting_0_1.junittesting_0_1.jUnitTestingTest- tFileInputDelimited_2 - Couldn't parse value for column 'id' in 'row4', value is '947|Sumner|Bold|sboldqa@tinyurl.com|Agender|Engineering|Yakitri|Yakima|Washington'. Details: java.lang.NumberFormatException: For input string: "947|Sumner|Bold|sboldqa@tinyurl.com|Agender|Engineering|Yakitri|Yakima|Washington"
[ERROR] 20:17:43 talend_projects.junittesting_0_1.junittesting_0_1.jUnitTestingTest- tFileInputDelimited_2 - Couldn't parse value for column 'id' in 'row4', value is '997|Sherwin|Bampton|sbamptonro@whitehouse.gov|Female|Engineering|Blogtags|San Angelo|Texas'. Details: java.lang.NumberFormatException: For input string: "997|Sherwin|Bampton|sbamptonro@whitehouse.gov|Female|Engineering|Blogtags|San Angelo|Texas"
[FATAL] 20:17:43 talend_projects.junittesting_0_1.junittesting_0_1.jUnitTestingTest- tMap_1 Cannot invoke "String.equals(Object)" because "row4.department" is null
java.lang.NullPointerException: Cannot invoke "String.equals(Object)" because "row4.department" is null
	at talend_projects.junittesting_0_1.junittesting_0_1.jUnitTestingTest.tFileInputDelimited_1Process(jUnitTestingTest.java:2604) [test-classes/:?]
	at talend_projects.junittesting_0_1.junittesting_0_1.jUnitTestingTest.tCreateTemporaryFile_1Process(jUnitTestingTest.java:727) [test-classes/:?]
	at talend_projects.junittesting_0_1.junittesting_0_1.jUnitTestingTest.runJobInTOS(jUnitTestingTest.java:4427) [test-classes/:?]
	at talend_projects.junittesting_0_1.junittesting_0_1.jUnitTestingTest.testDefault(jUnitTestingTest.java:4189) [test-classes/:?]
	at jdk.internal.reflect.NativeMethodAccessorImpl.invoke0(Native Method) ~[?:?]
	at jdk.internal.reflect.NativeMethodAccessorImpl.invoke(NativeMethodAccessorImpl.java:77) ~[?:?]
	at jdk.internal.reflect.DelegatingMethodAccessorImpl.invoke(DelegatingMethodAccessorImpl.java:43) ~[?:?]
	at java.lang.reflect.Method.invoke(Method.java:568) ~[?:?]
	at org.junit.runners.model.FrameworkMethod$1.runReflectiveCall(FrameworkMethod.java:59) [junit-4.13.2.jar:4.13.2]
	at org.junit.internal.runners.model.ReflectiveCallable.run(ReflectiveCallable.java:12) [junit-4.13.2.jar:4.13.2]
	at org.junit.runners.model.FrameworkMethod.invokeExplosively(FrameworkMethod.java:56) [junit-4.13.2.jar:4.13.2]
	at org.junit.internal.runners.statements.InvokeMethod.evaluate(InvokeMethod.java:17) [junit-4.13.2.jar:4.13.2]
	at org.junit.runners.ParentRunner$3.evaluate(ParentRunner.java:306) [junit-4.13.2.jar:4.13.2]
	at org.junit.runners.BlockJUnit4ClassRunner$1.evaluate(BlockJUnit4ClassRunner.java:100) [junit-4.13.2.jar:4.13.2]
	at org.junit.runners.ParentRunner.runLeaf(ParentRunner.java:366) [junit-4.13.2.jar:4.13.2]
	at org.junit.runners.BlockJUnit4ClassRunner.runChild(BlockJUnit4ClassRunner.java:103) [junit-4.13.2.jar:4.13.2]
	at org.junit.runners.BlockJUnit4ClassRunner.runChild(BlockJUnit4ClassRunner.java:63) [junit-4.13.2.jar:4.13.2]
	at org.junit.runners.ParentRunner$4.run(ParentRunner.java:331) [junit-4.13.2.jar:4.13.2]
	at org.junit.runners.ParentRunner$1.schedule(ParentRunner.java:79) [junit-4.13.2.jar:4.13.2]
	at org.junit.runners.ParentRunner.runChildren(ParentRunner.java:329) [junit-4.13.2.jar:4.13.2]
	at org.junit.runners.ParentRunner.access$100(ParentRunner.java:66) [junit-4.13.2.jar:4.13.2]
	at org.junit.runners.ParentRunner$2.evaluate(ParentRunner.java:293) [junit-4.13.2.jar:4.13.2]
	at org.junit.runners.ParentRunner$3.evaluate(ParentRunner.java:306) [junit-4.13.2.jar:4.13.2]
	at org.junit.runners.ParentRunner.run(ParentRunner.java:413) [junit-4.13.2.jar:4.13.2]
	at org.apache.maven.surefire.junit4.JUnit4Provider.execute(JUnit4Provider.java:365) [surefire-junit4-2.20.jar:2.20]
	at org.apache.maven.surefire.junit4.JUnit4Provider.executeWithRerun(JUnit4Provider.java:272) [surefire-junit4-2.20.jar:2.20]
	at org.apache.maven.surefire.junit4.JUnit4Provider.executeTestSet(JUnit4Provider.java:236) [surefire-junit4-2.20.jar:2.20]
	at org.apache.maven.surefire.junit4.JUnit4Provider.invoke(JUnit4Provider.java:159) [surefire-junit4-2.20.jar:2.20]
	at org.apache.maven.surefire.booter.ForkedBooter.invokeProviderInSameClassLoader(ForkedBooter.java:386) [surefire-booter-2.20.jar:2.20]
	at org.apache.maven.surefire.booter.ForkedBooter.runSuitesInProcess(ForkedBooter.java:323) [surefire-booter-2.20.jar:2.20]
	at org.apache.maven.surefire.booter.ForkedBooter.main(ForkedBooter.java:143) [surefire-booter-2.20.jar:2.20]
]]></system-out>
    <system-err><![CDATA[Couldn't parse value for column 'id' in 'row4', value is '7|Jon|Perris|jperris6@shutterfly.com|Female|Engineering|Thoughtmix|Birmingham|Alabama'. Details: java.lang.NumberFormatException: For input string: "7|Jon|Perris|jperris6@shutterfly.com|Female|Engineering|Thoughtmix|Birmingham|Alabama"
Couldn't parse value for column 'id' in 'row4', value is '13|Northrup|O'Deegan|nodeeganc@bbc.co.uk|Polygender|Engineering|JumpXS|Mobile|Alabama'. Details: java.lang.NumberFormatException: For input string: "13|Northrup|O'Deegan|nodeeganc@bbc.co.uk|Polygender|Engineering|JumpXS|Mobile|Alabama"
Couldn't parse value for column 'id' in 'row4', value is '54|Vale|Ghidotti|vghidotti1h@microsoft.com|Female|Engineering|Demimbu|Huntington|West Virginia'. Details: java.lang.NumberFormatException: For input string: "54|Vale|Ghidotti|vghidotti1h@microsoft.com|Female|Engineering|Demimbu|Huntington|West Virginia"
Couldn't parse value for column 'id' in 'row4', value is '63|Felicity|Widdicombe|fwiddicombe1q@wordpress.com|Female|Engineering|Mudo|Albuquerque|New Mexico'. Details: java.lang.NumberFormatException: For input string: "63|Felicity|Widdicombe|fwiddicombe1q@wordpress.com|Female|Engineering|Mudo|Albuquerque|New Mexico"
Couldn't parse value for column 'id' in 'row4', value is '82|Abbot|Hansed|ahansed29@weather.com|Polygender|Engineering|Twitterbeat|Chico|California'. Details: java.lang.NumberFormatException: For input string: "82|Abbot|Hansed|ahansed29@weather.com|Polygender|Engineering|Twitterbeat|Chico|California"
Couldn't parse value for column 'id' in 'row4', value is '91|Inga|Frosdick|ifrosdick2i@tamu.edu|Female|Engineering|Topiclounge|Fort Worth|Texas'. Details: java.lang.NumberFormatException: For input string: "91|Inga|Frosdick|ifrosdick2i@tamu.edu|Female|Engineering|Topiclounge|Fort Worth|Texas"
Couldn't parse value for column 'id' in 'row4', value is '97|Gerrie|Richten|grichten2o@forbes.com|Female|Engineering|Oozz|Cincinnati|Ohio'. Details: java.lang.NumberFormatException: For input string: "97|Gerrie|Richten|grichten2o@forbes.com|Female|Engineering|Oozz|Cincinnati|Ohio"
Couldn't parse value for column 'id' in 'row4', value is '101|Cammie|Ling|cling2s@imgur.com|Female|Engineering|Gigabox|Everett|Washington'. Details: java.lang.NumberFormatException: For input string: "101|Cammie|Ling|cling2s@imgur.com|Female|Engineering|Gigabox|Everett|Washington"
Couldn't parse value for column 'id' in 'row4', value is '106|Peri|Seth|pseth2x@live.com|Female|Engineering|Youspan|San Antonio|Texas'. Details: java.lang.NumberFormatException: For input string: "106|Peri|Seth|pseth2x@live.com|Female|Engineering|Youspan|San Antonio|Texas"
Couldn't parse value for column 'id' in 'row4', value is '109|Wildon|Rockcliff|wrockcliff30@imdb.com|Female|Engineering|Babblestorm|Seattle|Washington'. Details: java.lang.NumberFormatException: For input string: "109|Wildon|Rockcliff|wrockcliff30@imdb.com|Female|Engineering|Babblestorm|Seattle|Washington"
Couldn't parse value for column 'id' in 'row4', value is '137|Selestina|Footer|sfooter3s@gizmodo.com|Male|Engineering|Babbleopia|Springfield|Virginia'. Details: java.lang.NumberFormatException: For input string: "137|Selestina|Footer|sfooter3s@gizmodo.com|Male|Engineering|Babbleopia|Springfield|Virginia"
Couldn't parse value for column 'id' in 'row4', value is '141|Malorie|Palomba|mpalomba3w@indiegogo.com|Male|Engineering|Brainbox|Moreno Valley|California'. Details: java.lang.NumberFormatException: For input string: "141|Malorie|Palomba|mpalomba3w@indiegogo.com|Male|Engineering|Brainbox|Moreno Valley|California"
Couldn't parse value for column 'id' in 'row4', value is '147|Florian|Foister|ffoister42@uol.com.br|Polygender|Engineering|Lajo|Columbia|South Carolina'. Details: java.lang.NumberFormatException: For input string: "147|Florian|Foister|ffoister42@uol.com.br|Polygender|Engineering|Lajo|Columbia|South Carolina"
Couldn't parse value for column 'id' in 'row4', value is '155|Wendy|Vittore|wvittore4a@blogspot.com|Genderqueer|Engineering|Demimbu|Newark|Delaware'. Details: java.lang.NumberFormatException: For input string: "155|Wendy|Vittore|wvittore4a@blogspot.com|Genderqueer|Engineering|Demimbu|Newark|Delaware"
Couldn't parse value for column 'id' in 'row4', value is '176|Cortney|Elph|celph4v@lycos.com|Female|Engineering|Leenti|Fairbanks|Alaska'. Details: java.lang.NumberFormatException: For input string: "176|Cortney|Elph|celph4v@lycos.com|Female|Engineering|Leenti|Fairbanks|Alaska"
Couldn't parse value for column 'id' in 'row4', value is '184|Patience|Stearn|pstearn53@apache.org|Male|Engineering|Rhycero|East Saint Louis|Illinois'. Details: java.lang.NumberFormatException: For input string: "184|Patience|Stearn|pstearn53@apache.org|Male|Engineering|Rhycero|East Saint Louis|Illinois"
Couldn't parse value for column 'id' in 'row4', value is '207|Veriee|Vanyatin|vvanyatin5q@networksolutions.com|Non-binary|Engineering|Thoughtbeat|Nashville|Tennessee'. Details: java.lang.NumberFormatException: For input string: "207|Veriee|Vanyatin|vvanyatin5q@networksolutions.com|Non-binary|Engineering|Thoughtbeat|Nashville|Tennessee"
Couldn't parse value for column 'id' in 'row4', value is '225|Helaine|Lamberteschi|hlamberteschi68@telegraph.co.uk|Female|Engineering|Thoughtbridge|Escondido|California'. Details: java.lang.NumberFormatException: For input string: "225|Helaine|Lamberteschi|hlamberteschi68@telegraph.co.uk|Female|Engineering|Thoughtbridge|Escondido|California"
Couldn't parse value for column 'id' in 'row4', value is '228|Shannen|Buncombe|sbuncombe6b@psu.edu|Female|Engineering|Ntag|Orlando|Florida'. Details: java.lang.NumberFormatException: For input string: "228|Shannen|Buncombe|sbuncombe6b@psu.edu|Female|Engineering|Ntag|Orlando|Florida"
Couldn't parse value for column 'id' in 'row4', value is '252|Jennifer|Januszkiewicz|jjanuszkiewicz6z@squidoo.com|Female|Engineering|Yoveo|Arlington|Virginia'. Details: java.lang.NumberFormatException: For input string: "252|Jennifer|Januszkiewicz|jjanuszkiewicz6z@squidoo.com|Female|Engineering|Yoveo|Arlington|Virginia"
Couldn't parse value for column 'id' in 'row4', value is '253|Modestine|Barensen|mbarensen70@washington.edu|Polygender|Engineering|Thoughtmix|San Jose|California'. Details: java.lang.NumberFormatException: For input string: "253|Modestine|Barensen|mbarensen70@washington.edu|Polygender|Engineering|Thoughtmix|San Jose|California"
Couldn't parse value for column 'id' in 'row4', value is '281|Justina|Demageard|jdemageard7s@timesonline.co.uk|Female|Engineering|Youtags|Houston|Texas'. Details: java.lang.NumberFormatException: For input string: "281|Justina|Demageard|jdemageard7s@timesonline.co.uk|Female|Engineering|Youtags|Houston|Texas"
Couldn't parse value for column 'id' in 'row4', value is '287|Keelia|Jacson|kjacson7y@opera.com|Male|Engineering|Brainsphere|Washington|District of Columbia'. Details: java.lang.NumberFormatException: For input string: "287|Keelia|Jacson|kjacson7y@opera.com|Male|Engineering|Brainsphere|Washington|District of Columbia"
Couldn't parse value for column 'id' in 'row4', value is '291|Patricio|Deppen|pdeppen82@intel.com|Female|Engineering|Voonix|Schenectady|New York'. Details: java.lang.NumberFormatException: For input string: "291|Patricio|Deppen|pdeppen82@intel.com|Female|Engineering|Voonix|Schenectady|New York"
Couldn't parse value for column 'id' in 'row4', value is '296|Phaidra|Petrushkevich|ppetrushkevich87@time.com|Female|Engineering|Trunyx|Seattle|Washington'. Details: java.lang.NumberFormatException: For input string: "296|Phaidra|Petrushkevich|ppetrushkevich87@time.com|Female|Engineering|Trunyx|Seattle|Washington"
Couldn't parse value for column 'id' in 'row4', value is '301|Danella|McGilleghole|dmcgilleghole8c@networkadvertising.org|Male|Engineering|Plambee|Cincinnati|Ohio'. Details: java.lang.NumberFormatException: For input string: "301|Danella|McGilleghole|dmcgilleghole8c@networkadvertising.org|Male|Engineering|Plambee|Cincinnati|Ohio"
Couldn't parse value for column 'id' in 'row4', value is '332|Bobby|Belf|bbelf97@state.tx.us|Male|Engineering|Voomm|Phoenix|Arizona'. Details: java.lang.NumberFormatException: For input string: "332|Bobby|Belf|bbelf97@state.tx.us|Male|Engineering|Voomm|Phoenix|Arizona"
Couldn't parse value for column 'id' in 'row4', value is '346|Melva|MacNair|mmacnair9l@skype.com|Polygender|Engineering|Latz|Los Angeles|California'. Details: java.lang.NumberFormatException: For input string: "346|Melva|MacNair|mmacnair9l@skype.com|Polygender|Engineering|Latz|Los Angeles|California"
Couldn't parse value for column 'id' in 'row4', value is '380|Elisa|Kolodziejski|ekolodziejskiaj@craigslist.org|Male|Engineering|Brainbox|Stamford|Connecticut'. Details: java.lang.NumberFormatException: For input string: "380|Elisa|Kolodziejski|ekolodziejskiaj@craigslist.org|Male|Engineering|Brainbox|Stamford|Connecticut"
Couldn't parse value for column 'id' in 'row4', value is '392|Lyn|Carolan|lcarolanav@phpbb.com|Female|Engineering|Eabox|Fresno|California'. Details: java.lang.NumberFormatException: For input string: "392|Lyn|Carolan|lcarolanav@phpbb.com|Female|Engineering|Eabox|Fresno|California"
Couldn't parse value for column 'id' in 'row4', value is '417|Margeaux|Wybourne|mwybournebk@soundcloud.com|Male|Engineering|Chatterpoint|Santa Barbara|California'. Details: java.lang.NumberFormatException: For input string: "417|Margeaux|Wybourne|mwybournebk@soundcloud.com|Male|Engineering|Chatterpoint|Santa Barbara|California"
Couldn't parse value for column 'id' in 'row4', value is '438|Sashenka|MacLennan|smaclennanc5@blogs.com|Female|Engineering|Snaptags|New York City|New York'. Details: java.lang.NumberFormatException: For input string: "438|Sashenka|MacLennan|smaclennanc5@blogs.com|Female|Engineering|Snaptags|New York City|New York"
Couldn't parse value for column 'id' in 'row4', value is '440|Ree|Brussell|rbrussellc7@oaic.gov.au|Male|Engineering|Photojam|Albany|New York'. Details: java.lang.NumberFormatException: For input string: "440|Ree|Brussell|rbrussellc7@oaic.gov.au|Male|Engineering|Photojam|Albany|New York"
Couldn't parse value for column 'id' in 'row4', value is '444|Sansone|Duchant|sduchantcb@tiny.cc|Female|Engineering|Babblestorm|White Plains|New York'. Details: java.lang.NumberFormatException: For input string: "444|Sansone|Duchant|sduchantcb@tiny.cc|Female|Engineering|Babblestorm|White Plains|New York"
Couldn't parse value for column 'id' in 'row4', value is '449|Lenore|Duffil|lduffilcg@topsy.com|Female|Engineering|Skipfire|Denton|Texas'. Details: java.lang.NumberFormatException: For input string: "449|Lenore|Duffil|lduffilcg@topsy.com|Female|Engineering|Skipfire|Denton|Texas"
Couldn't parse value for column 'id' in 'row4', value is '452|Kath|Spain-Gower|kspaingowercj@indiegogo.com|Genderfluid|Engineering|Oyoloo|East Saint Louis|Illinois'. Details: java.lang.NumberFormatException: For input string: "452|Kath|Spain-Gower|kspaingowercj@indiegogo.com|Genderfluid|Engineering|Oyoloo|East Saint Louis|Illinois"
Couldn't parse value for column 'id' in 'row4', value is '455|Ann-marie|Hawlgarth|ahawlgarthcm@usgs.gov|Male|Engineering|Gabvine|Washington|District of Columbia'. Details: java.lang.NumberFormatException: For input string: "455|Ann-marie|Hawlgarth|ahawlgarthcm@usgs.gov|Male|Engineering|Gabvine|Washington|District of Columbia"
Couldn't parse value for column 'id' in 'row4', value is '463|Terry|Milmo|tmilmocu@reference.com|Male|Engineering|Twitterworks|Lafayette|Louisiana'. Details: java.lang.NumberFormatException: For input string: "463|Terry|Milmo|tmilmocu@reference.com|Male|Engineering|Twitterworks|Lafayette|Louisiana"
Couldn't parse value for column 'id' in 'row4', value is '473|Arlin|Van Oord|avanoordd4@blog.com|Male|Engineering|Realcube|Madison|Wisconsin'. Details: java.lang.NumberFormatException: For input string: "473|Arlin|Van Oord|avanoordd4@blog.com|Male|Engineering|Realcube|Madison|Wisconsin"
Couldn't parse value for column 'id' in 'row4', value is '503|Kali|Edginton|kedgintondy@cafepress.com|Male|Engineering|Plambee|San Antonio|Texas'. Details: java.lang.NumberFormatException: For input string: "503|Kali|Edginton|kedgintondy@cafepress.com|Male|Engineering|Plambee|San Antonio|Texas"
Couldn't parse value for column 'id' in 'row4', value is '505|Gardner|McGown|gmcgowne0@wikimedia.org|Male|Engineering|Wordtune|San Mateo|California'. Details: java.lang.NumberFormatException: For input string: "505|Gardner|McGown|gmcgowne0@wikimedia.org|Male|Engineering|Wordtune|San Mateo|California"
Couldn't parse value for column 'id' in 'row4', value is '506|Christoforo|McMillian|cmcmilliane1@google.com.br|Female|Engineering|Photojam|Jacksonville|Florida'. Details: java.lang.NumberFormatException: For input string: "506|Christoforo|McMillian|cmcmilliane1@google.com.br|Female|Engineering|Photojam|Jacksonville|Florida"
Couldn't parse value for column 'id' in 'row4', value is '516|Kristofor|Shiers|kshierseb@fema.gov|Female|Engineering|Yodoo|Oklahoma City|Oklahoma'. Details: java.lang.NumberFormatException: For input string: "516|Kristofor|Shiers|kshierseb@fema.gov|Female|Engineering|Yodoo|Oklahoma City|Oklahoma"
Couldn't parse value for column 'id' in 'row4', value is '537|Faber|Di Antonio|fdiantonioew@lulu.com|Male|Engineering|Mynte|Portland|Oregon'. Details: java.lang.NumberFormatException: For input string: "537|Faber|Di Antonio|fdiantonioew@lulu.com|Male|Engineering|Mynte|Portland|Oregon"
Couldn't parse value for column 'id' in 'row4', value is '550|Nathanial|Brant|nbrantf9@t-online.de|Male|Engineering|Demimbu|Washington|District of Columbia'. Details: java.lang.NumberFormatException: For input string: "550|Nathanial|Brant|nbrantf9@t-online.de|Male|Engineering|Demimbu|Washington|District of Columbia"
Couldn't parse value for column 'id' in 'row4', value is '571|Cherey|Danskine|cdanskinefu@exblog.jp|Male|Engineering|Rhyloo|Honolulu|Hawaii'. Details: java.lang.NumberFormatException: For input string: "571|Cherey|Danskine|cdanskinefu@exblog.jp|Male|Engineering|Rhyloo|Honolulu|Hawaii"
Couldn't parse value for column 'id' in 'row4', value is '579|Stesha|Revelle|srevelleg2@alexa.com|Male|Engineering|Twinte|Orlando|Florida'. Details: java.lang.NumberFormatException: For input string: "579|Stesha|Revelle|srevelleg2@alexa.com|Male|Engineering|Twinte|Orlando|Florida"
Couldn't parse value for column 'id' in 'row4', value is '606|Rey|Verrell|rverrellgt@ed.gov|Male|Engineering|Izio|Shreveport|Louisiana'. Details: java.lang.NumberFormatException: For input string: "606|Rey|Verrell|rverrellgt@ed.gov|Male|Engineering|Izio|Shreveport|Louisiana"
Couldn't parse value for column 'id' in 'row4', value is '617|Lucita|Ghidoni|lghidonih4@zdnet.com|Male|Engineering|Kwideo|Louisville|Kentucky'. Details: java.lang.NumberFormatException: For input string: "617|Lucita|Ghidoni|lghidonih4@zdnet.com|Male|Engineering|Kwideo|Louisville|Kentucky"
Couldn't parse value for column 'id' in 'row4', value is '627|Rheta|Casterou|rcasterouhe@nps.gov|Male|Engineering|Plambee|Pittsburgh|Pennsylvania'. Details: java.lang.NumberFormatException: For input string: "627|Rheta|Casterou|rcasterouhe@nps.gov|Male|Engineering|Plambee|Pittsburgh|Pennsylvania"
Couldn't parse value for column 'id' in 'row4', value is '632|Horacio|Gadman|hgadmanhj@storify.com|Male|Engineering|Blogtags|Lafayette|Louisiana'. Details: java.lang.NumberFormatException: For input string: "632|Horacio|Gadman|hgadmanhj@storify.com|Male|Engineering|Blogtags|Lafayette|Louisiana"
Couldn't parse value for column 'id' in 'row4', value is '648|Veronique|Longfield|vlongfieldhz@prnewswire.com|Female|Engineering|Layo|Miami|Florida'. Details: java.lang.NumberFormatException: For input string: "648|Veronique|Longfield|vlongfieldhz@prnewswire.com|Female|Engineering|Layo|Miami|Florida"
Couldn't parse value for column 'id' in 'row4', value is '693|Blayne|Markham|bmarkhamj8@taobao.com|Female|Engineering|Jayo|Bellevue|Washington'. Details: java.lang.NumberFormatException: For input string: "693|Blayne|Markham|bmarkhamj8@taobao.com|Female|Engineering|Jayo|Bellevue|Washington"
Couldn't parse value for column 'id' in 'row4', value is '697|Merrel|Fanshawe|mfanshawejc@google.co.uk|Male|Engineering|Jaxworks|Durham|North Carolina'. Details: java.lang.NumberFormatException: For input string: "697|Merrel|Fanshawe|mfanshawejc@google.co.uk|Male|Engineering|Jaxworks|Durham|North Carolina"
Couldn't parse value for column 'id' in 'row4', value is '701|Dennet|Haste|dhastejg@qq.com|Polygender|Engineering|Trilia|Tulsa|Oklahoma'. Details: java.lang.NumberFormatException: For input string: "701|Dennet|Haste|dhastejg@qq.com|Polygender|Engineering|Trilia|Tulsa|Oklahoma"
Couldn't parse value for column 'id' in 'row4', value is '709|Jerrie|Hoggan|jhogganjo@merriam-webster.com|Male|Engineering|Yodel|Cincinnati|Ohio'. Details: java.lang.NumberFormatException: For input string: "709|Jerrie|Hoggan|jhogganjo@merriam-webster.com|Male|Engineering|Yodel|Cincinnati|Ohio"
Couldn't parse value for column 'id' in 'row4', value is '711|Jordain|Roch|jrochjq@stanford.edu|Female|Engineering|Twinte|Providence|Rhode Island'. Details: java.lang.NumberFormatException: For input string: "711|Jordain|Roch|jrochjq@stanford.edu|Female|Engineering|Twinte|Providence|Rhode Island"
Couldn't parse value for column 'id' in 'row4', value is '736|Shaylyn|McQuorkel|smcquorkelkf@istockphoto.com|Male|Engineering|Wikizz|Indianapolis|Indiana'. Details: java.lang.NumberFormatException: For input string: "736|Shaylyn|McQuorkel|smcquorkelkf@istockphoto.com|Male|Engineering|Wikizz|Indianapolis|Indiana"
Couldn't parse value for column 'id' in 'row4', value is '748|Nannie|Hallitt|nhallittkr@nature.com|Male|Engineering|Voonyx|Oceanside|California'. Details: java.lang.NumberFormatException: For input string: "748|Nannie|Hallitt|nhallittkr@nature.com|Male|Engineering|Voonyx|Oceanside|California"
Couldn't parse value for column 'id' in 'row4', value is '750|Case|Mourant|cmourantkt@technorati.com|Male|Engineering|Photobug|Salt Lake City|Utah'. Details: java.lang.NumberFormatException: For input string: "750|Case|Mourant|cmourantkt@technorati.com|Male|Engineering|Photobug|Salt Lake City|Utah"
Couldn't parse value for column 'id' in 'row4', value is '751|Shelia|Cornelis|scornelisku@pinterest.com|Female|Engineering|Izio|Philadelphia|Pennsylvania'. Details: java.lang.NumberFormatException: For input string: "751|Shelia|Cornelis|scornelisku@pinterest.com|Female|Engineering|Izio|Philadelphia|Pennsylvania"
Couldn't parse value for column 'id' in 'row4', value is '783|Osgood|Chaman|ochamanlq@webs.com|Female|Engineering|Dazzlesphere|Roanoke|Virginia'. Details: java.lang.NumberFormatException: For input string: "783|Osgood|Chaman|ochamanlq@webs.com|Female|Engineering|Dazzlesphere|Roanoke|Virginia"
Couldn't parse value for column 'id' in 'row4', value is '790|Germaine|Leeson|gleesonlx@google.it|Female|Engineering|Rhyloo|Washington|District of Columbia'. Details: java.lang.NumberFormatException: For input string: "790|Germaine|Leeson|gleesonlx@google.it|Female|Engineering|Rhyloo|Washington|District of Columbia"
Couldn't parse value for column 'id' in 'row4', value is '816|Fernando|Hagland|fhaglandmn@sun.com|Female|Engineering|Jetwire|Monticello|Minnesota'. Details: java.lang.NumberFormatException: For input string: "816|Fernando|Hagland|fhaglandmn@sun.com|Female|Engineering|Jetwire|Monticello|Minnesota"
Couldn't parse value for column 'id' in 'row4', value is '838|Valentia|Dymoke|vdymoken9@blogger.com|Female|Engineering|Photobug|Boise|Idaho'. Details: java.lang.NumberFormatException: For input string: "838|Valentia|Dymoke|vdymoken9@blogger.com|Female|Engineering|Photobug|Boise|Idaho"
Couldn't parse value for column 'id' in 'row4', value is '843|Arie|Rosini|arosinine@storify.com|Male|Engineering|Gevee|Chula Vista|California'. Details: java.lang.NumberFormatException: For input string: "843|Arie|Rosini|arosinine@storify.com|Male|Engineering|Gevee|Chula Vista|California"
Couldn't parse value for column 'id' in 'row4', value is '844|Manfred|Exter|mexternf@spiegel.de|Female|Engineering|Zava|Rockville|Maryland'. Details: java.lang.NumberFormatException: For input string: "844|Manfred|Exter|mexternf@spiegel.de|Female|Engineering|Zava|Rockville|Maryland"
Couldn't parse value for column 'id' in 'row4', value is '856|Armand|Boutwell|aboutwellnr@wiley.com|Female|Engineering|Vidoo|Melbourne|Florida'. Details: java.lang.NumberFormatException: For input string: "856|Armand|Boutwell|aboutwellnr@wiley.com|Female|Engineering|Vidoo|Melbourne|Florida"
Couldn't parse value for column 'id' in 'row4', value is '864|Maire|Gregolin|mgregolinnz@blog.com|Male|Engineering|Twinte|New Orleans|Louisiana'. Details: java.lang.NumberFormatException: For input string: "864|Maire|Gregolin|mgregolinnz@blog.com|Male|Engineering|Twinte|New Orleans|Louisiana"
Couldn't parse value for column 'id' in 'row4', value is '869|Chrystel|Keedy|ckeedyo4@scribd.com|Female|Engineering|Thoughtsphere|Monticello|Minnesota'. Details: java.lang.NumberFormatException: For input string: "869|Chrystel|Keedy|ckeedyo4@scribd.com|Female|Engineering|Thoughtsphere|Monticello|Minnesota"
Couldn't parse value for column 'id' in 'row4', value is '941|Jens|Minette|jminetteq4@unblog.fr|Male|Engineering|Quire|Tucson|Arizona'. Details: java.lang.NumberFormatException: For input string: "941|Jens|Minette|jminetteq4@unblog.fr|Male|Engineering|Quire|Tucson|Arizona"
Couldn't parse value for column 'id' in 'row4', value is '943|Sidoney|Danforth|sdanforthq6@webeden.co.uk|Female|Engineering|Dynabox|Bakersfield|California'. Details: java.lang.NumberFormatException: For input string: "943|Sidoney|Danforth|sdanforthq6@webeden.co.uk|Female|Engineering|Dynabox|Bakersfield|California"
Couldn't parse value for column 'id' in 'row4', value is '947|Sumner|Bold|sboldqa@tinyurl.com|Agender|Engineering|Yakitri|Yakima|Washington'. Details: java.lang.NumberFormatException: For input string: "947|Sumner|Bold|sboldqa@tinyurl.com|Agender|Engineering|Yakitri|Yakima|Washington"
Couldn't parse value for column 'id' in 'row4', value is '997|Sherwin|Bampton|sbamptonro@whitehouse.gov|Female|Engineering|Blogtags|San Angelo|Texas'. Details: java.lang.NumberFormatException: For input string: "997|Sherwin|Bampton|sbamptonro@whitehouse.gov|Female|Engineering|Blogtags|San Angelo|Texas"
Exception in component tMap_1 (jUnitTesting)
java.lang.NullPointerException: Cannot invoke "String.equals(Object)" because "row4.department" is null
	at talend_projects.junittesting_0_1.junittesting_0_1.jUnitTestingTest.tFileInputDelimited_1Process(jUnitTestingTest.java:2604)
	at talend_projects.junittesting_0_1.junittesting_0_1.jUnitTestingTest.tCreateTemporaryFile_1Process(jUnitTestingTest.java:727)
	at talend_projects.junittesting_0_1.junittesting_0_1.jUnitTestingTest.runJobInTOS(jUnitTestingTest.java:4427)
	at talend_projects.junittesting_0_1.junittesting_0_1.jUnitTestingTest.testDefault(jUnitTestingTest.java:4189)
	at java.base/jdk.internal.reflect.NativeMethodAccessorImpl.invoke0(Native Method)
	at java.base/jdk.internal.reflect.NativeMethodAccessorImpl.invoke(NativeMethodAccessorImpl.java:77)
	at java.base/jdk.internal.reflect.DelegatingMethodAccessorImpl.invoke(DelegatingMethodAccessorImpl.java:43)
	at java.base/java.lang.reflect.Method.invoke(Method.java:568)
	at org.junit.runners.model.FrameworkMethod$1.runReflectiveCall(FrameworkMethod.java:59)
	at org.junit.internal.runners.model.ReflectiveCallable.run(ReflectiveCallable.java:12)
	at org.junit.runners.model.FrameworkMethod.invokeExplosively(FrameworkMethod.java:56)
	at org.junit.internal.runners.statements.InvokeMethod.evaluate(InvokeMethod.java:17)
	at org.junit.runners.ParentRunner$3.evaluate(ParentRunner.java:306)
	at org.junit.runners.BlockJUnit4ClassRunner$1.evaluate(BlockJUnit4ClassRunner.java:100)
	at org.junit.runners.ParentRunner.runLeaf(ParentRunner.java:366)
	at org.junit.runners.BlockJUnit4ClassRunner.runChild(BlockJUnit4ClassRunner.java:103)
	at org.junit.runners.BlockJUnit4ClassRunner.runChild(BlockJUnit4ClassRunner.java:63)
	at org.junit.runners.ParentRunner$4.run(ParentRunner.java:331)
	at org.junit.runners.ParentRunner$1.schedule(ParentRunner.java:79)
	at org.junit.runners.ParentRunner.runChildren(ParentRunner.java:329)
	at org.junit.runners.ParentRunner.access$100(ParentRunner.java:66)
	at org.junit.runners.ParentRunner$2.evaluate(ParentRunner.java:293)
	at org.junit.runners.ParentRunner$3.evaluate(ParentRunner.java:306)
	at org.junit.runners.ParentRunner.run(ParentRunner.java:413)
	at org.apache.maven.surefire.junit4.JUnit4Provider.execute(JUnit4Provider.java:365)
	at org.apache.maven.surefire.junit4.JUnit4Provider.executeWithRerun(JUnit4Provider.java:272)
	at org.apache.maven.surefire.junit4.JUnit4Provider.executeTestSet(JUnit4Provider.java:236)
	at org.apache.maven.surefire.junit4.JUnit4Provider.invoke(JUnit4Provider.java:159)
	at org.apache.maven.surefire.booter.ForkedBooter.invokeProviderInSameClassLoader(ForkedBooter.java:386)
	at org.apache.maven.surefire.booter.ForkedBooter.runSuitesInProcess(ForkedBooter.java:323)
	at org.apache.maven.surefire.booter.ForkedBooter.main(ForkedBooter.java:143)
]]></system-err>
  </testcase>
</testsuite>